<?xml version="1.0" encoding="UTF-8"?>
<!-- Generated by org.testng.reporters.JUnitReportReporter -->
<testsuite hostname="DESKTOP-GG0HD2N" failures="0" tests="1" name="seleniumTask21.WindowHandlingTest" time="15.378" errors="0" timestamp="2023-12-15T10:07:49 IST" skipped="0">
  <testcase classname="seleniumTask21.WindowHandlingTest" name="testWindowHandling" time="15.378"/>
</testsuite> <!-- seleniumTask21.WindowHandlingTest -->
