<?xml version="1.0" encoding="UTF-8"?>
<!-- Generated by org.testng.reporters.JUnitReportReporter -->
<testsuite hostname="DESKTOP-GG0HD2N" failures="0" tests="1" name="seleniumTask21.NestedFramesTest" time="8.123" errors="0" timestamp="2023-12-15T10:06:43 IST" skipped="0">
  <testcase classname="seleniumTask21.NestedFramesTest" name="testFrameContent" time="8.123"/>
</testsuite> <!-- seleniumTask21.NestedFramesTest -->
